0 info it worked if it ends with ok
1 verbose cli [ '/usr/local/bin/node',
1 verbose cli   '/usr/local/bin/npm',
1 verbose cli   'run',
1 verbose cli   'unit-test' ]
2 info using npm@3.10.10
3 info using node@v6.9.5
4 verbose run-script [ 'preunit-test', 'unit-test', 'postunit-test' ]
5 info lifecycle verifier@1.0.0~preunit-test: verifier@1.0.0
6 silly lifecycle verifier@1.0.0~preunit-test: no script for preunit-test, continuing
7 info lifecycle verifier@1.0.0~unit-test: verifier@1.0.0
8 verbose lifecycle verifier@1.0.0~unit-test: unsafe-perm in lifecycle true
9 verbose lifecycle verifier@1.0.0~unit-test: PATH: /usr/local/lib/node_modules/npm/bin/node-gyp-bin:/Users/raul/WebstormProjects/Univeresidad/HexagonalArchitecture/node_modules/.bin:/Users/raul/Library/Android/sdk/platform-tools:/Users/raul/Library/Android/sdk/tools:/usr/local/bin:/usr/bin:/bin:/usr/sbin:/sbin:/Applications/Wireshark.app/Contents/MacOS:/usr/local/mysql/bin/
10 verbose lifecycle verifier@1.0.0~unit-test: CWD: /Users/raul/WebstormProjects/Univeresidad/HexagonalArchitecture
11 silly lifecycle verifier@1.0.0~unit-test: Args: [ '-c', 'mocha index.test.js' ]
12 silly lifecycle verifier@1.0.0~unit-test: Returned: code: 1  signal: null
13 info lifecycle verifier@1.0.0~unit-test: Failed to exec unit-test script
14 verbose stack Error: verifier@1.0.0 unit-test: `mocha index.test.js`
14 verbose stack Exit status 1
14 verbose stack     at EventEmitter.<anonymous> (/usr/local/lib/node_modules/npm/lib/utils/lifecycle.js:255:16)
14 verbose stack     at emitTwo (events.js:106:13)
14 verbose stack     at EventEmitter.emit (events.js:191:7)
14 verbose stack     at ChildProcess.<anonymous> (/usr/local/lib/node_modules/npm/lib/utils/spawn.js:40:14)
14 verbose stack     at emitTwo (events.js:106:13)
14 verbose stack     at ChildProcess.emit (events.js:191:7)
14 verbose stack     at maybeClose (internal/child_process.js:877:16)
14 verbose stack     at Process.ChildProcess._handle.onexit (internal/child_process.js:226:5)
15 verbose pkgid verifier@1.0.0
16 verbose cwd /Users/raul/WebstormProjects/Univeresidad/HexagonalArchitecture
17 error Darwin 17.7.0
18 error argv "/usr/local/bin/node" "/usr/local/bin/npm" "run" "unit-test"
19 error node v6.9.5
20 error npm  v3.10.10
21 error code ELIFECYCLE
22 error verifier@1.0.0 unit-test: `mocha index.test.js`
22 error Exit status 1
23 error Failed at the verifier@1.0.0 unit-test script 'mocha index.test.js'.
23 error Make sure you have the latest version of node.js and npm installed.
23 error If you do, this is most likely a problem with the verifier package,
23 error not with npm itself.
23 error Tell the author that this fails on your system:
23 error     mocha index.test.js
23 error You can get information on how to open an issue for this project with:
23 error     npm bugs verifier
23 error Or if that isn't available, you can get their info via:
23 error     npm owner ls verifier
23 error There is likely additional logging output above.
24 verbose exit [ 1, true ]
